<?xml version="1.0" encoding="UTF-8"?>
<!-- Generated by org.testng.reporters.JUnitReportReporter -->
<testsuite hostname="GUTHIKONDA" failures="0" tests="3" name="testCases.TC01_LaunchApplication" time="1.592" errors="0" timestamp="2025-02-17T22:54:45 IST" skipped="0">
  <testcase classname="testCases.TC01_LaunchApplication" name="testLaunchApplication" time="0.146"/>
  <testcase classname="testCases.TC01_LaunchApplication" name="testLaunchApplication" time="1.346"/>
  <testcase classname="testCases.TC01_LaunchApplication" name="testLaunchApplication" time="0.100"/>
</testsuite> <!-- testCases.TC01_LaunchApplication -->
