<?xml version="1.0" encoding="UTF-8"?>
<!-- Generated by org.testng.reporters.JUnitReportReporter -->
<testsuite hostname="GUTHIKONDA" failures="0" tests="3" name="testCases.TC03_AddToCart" time="8.928" errors="0" timestamp="2025-02-17T22:54:45 IST" skipped="0">
  <testcase classname="testCases.TC03_AddToCart" name="testAddToCart" time="4.057"/>
  <testcase classname="testCases.TC03_AddToCart" name="testAddToCart" time="2.566"/>
  <testcase classname="testCases.TC03_AddToCart" name="testAddToCart" time="2.305"/>
</testsuite> <!-- testCases.TC03_AddToCart -->
