<?xml version="1.0" encoding="UTF-8"?>
<!-- Generated by org.testng.reporters.JUnitReportReporter -->
<testsuite hostname="GUTHIKONDA" failures="0" tests="15" name="testCases.TC02_Login" time="48.371" errors="0" timestamp="2025-02-17T22:54:45 IST" skipped="0">
  <testcase classname="testCases.TC02_Login" name="testLogin" time="3.041"/>
  <testcase classname="testCases.TC02_Login" name="testLogin" time="4.017"/>
  <testcase classname="testCases.TC02_Login" name="testLogin" time="3.027"/>
  <testcase classname="testCases.TC02_Login" name="testLogin" time="3.846"/>
  <testcase classname="testCases.TC02_Login" name="testLogin" time="3.639"/>
  <testcase classname="testCases.TC02_Login" name="testLogin" time="2.994"/>
  <testcase classname="testCases.TC02_Login" name="testLogin" time="3.292"/>
  <testcase classname="testCases.TC02_Login" name="testLogin" time="2.933"/>
  <testcase classname="testCases.TC02_Login" name="testLogin" time="3.578"/>
  <testcase classname="testCases.TC02_Login" name="testLogin" time="3.269"/>
  <testcase classname="testCases.TC02_Login" name="testLogin" time="3.169"/>
  <testcase classname="testCases.TC02_Login" name="testLogin" time="2.362"/>
  <testcase classname="testCases.TC02_Login" name="testLogin" time="3.379"/>
  <testcase classname="testCases.TC02_Login" name="testLogin" time="3.180"/>
  <testcase classname="testCases.TC02_Login" name="testLogin" time="2.645"/>
</testsuite> <!-- testCases.TC02_Login -->
