<?xml version="1.0" encoding="UTF-8"?>
<!-- Generated by org.testng.reporters.JUnitReportReporter -->
<testsuite hostname="GUTHIKONDA" failures="0" tests="3" name="testCases.TC05_AddAnItemToWishList" time="7.179" errors="0" timestamp="2025-02-17T22:54:45 IST" skipped="0">
  <testcase classname="testCases.TC05_AddAnItemToWishList" name="testAddToWishList" time="3.410"/>
  <testcase classname="testCases.TC05_AddAnItemToWishList" name="testAddToWishList" time="1.998"/>
  <testcase classname="testCases.TC05_AddAnItemToWishList" name="testAddToWishList" time="1.771"/>
</testsuite> <!-- testCases.TC05_AddAnItemToWishList -->
