<?xml version="1.0" encoding="UTF-8"?>
<!-- Generated by org.testng.reporters.JUnitReportReporter -->
<testsuite hostname="Mac.localdomain" failures="0" tests="1" name="testCases.TC01_LaunchApplication" time="0.029" errors="0" timestamp="2025-02-18T11:07:02 CST" skipped="0">
  <testcase classname="testCases.TC01_LaunchApplication" name="testLaunchApplication" time="0.029"/>
</testsuite> <!-- testCases.TC01_LaunchApplication -->
