<?xml version="1.0" encoding="UTF-8"?>
<!-- Generated by org.testng.reporters.JUnitReportReporter -->
<testsuite hostname="Mac.localdomain" failures="0" tests="5" name="testCases.TC02_Login" time="18.643" errors="0" timestamp="2025-02-18T11:07:02 CST" skipped="0">
  <testcase classname="testCases.TC02_Login" name="testLogin" time="4.929"/>
  <testcase classname="testCases.TC02_Login" name="testLogin" time="3.935"/>
  <testcase classname="testCases.TC02_Login" name="testLogin" time="3.139"/>
  <testcase classname="testCases.TC02_Login" name="testLogin" time="2.958"/>
  <testcase classname="testCases.TC02_Login" name="testLogin" time="3.682"/>
</testsuite> <!-- testCases.TC02_Login -->
