<?xml version="1.0" encoding="UTF-8"?>
<!-- Generated by org.testng.reporters.JUnitReportReporter -->
<testsuite hostname="Mac.localdomain" failures="0" tests="1" name="testCases.TC04_CompletePurchase" time="70.288" errors="0" timestamp="2025-02-18T11:07:02 CST" skipped="0">
  <testcase classname="testCases.TC04_CompletePurchase" name="testCompletePurchase" time="70.288"/>
</testsuite> <!-- testCases.TC04_CompletePurchase -->
