<?xml version="1.0" encoding="UTF-8"?>
<!-- Generated by org.testng.reporters.JUnitReportReporter -->
<testsuite hostname="Mac.localdomain" failures="0" tests="1" name="testCases.TC03_AddToCart" time="4.152" errors="0" timestamp="2025-02-18T11:07:02 CST" skipped="0">
  <testcase classname="testCases.TC03_AddToCart" name="testAddToCart" time="4.152"/>
</testsuite> <!-- testCases.TC03_AddToCart -->
